Drill report for /home/animeman/Documents/KiCAD /projects/8_key_simple_noschem/8keyv2.kicad_pcb
Created on Sat 02 Feb 2019 03:30:23 PM EST

Copper Layer Stackup:
    =============================================================
    L1 :  F.Cu                      front
    L2 :  B.Cu                      back


Drill file '8keyv2-PTH.drl' contains
    plated through holes:
    =============================================================
    T1  0.25mm  0.010"  (3 holes)
    T2  0.90mm  0.035"  (16 holes)
    T3  0.99mm  0.039"  (16 holes)
    T4  1.02mm  0.040"  (34 holes)
    T5  1.50mm  0.059"  (16 holes)

    Total plated holes count 85


Drill file '8keyv2-NPTH.drl' contains
    unplated through holes:
    =============================================================
    T1  1.70mm  0.067"  (16 holes)
    T2  3.99mm  0.157"  (8 holes)

    Total unplated holes count 24
